<?xml version="1.0" encoding="UTF-8"?>
<!-- Generated by org.testng.reporters.JUnitReportReporter -->
<testsuite hostname="DESKTOP-5SVQFKG" failures="0" tests="3" name="com.NeoStox.TestCases.DashboardPageTest" time="5.602" errors="0" timestamp="02 Feb 2023 17:34:56 GMT" skipped="0">
  <testcase classname="com.NeoStox.TestCases.DashboardPageTest" name="watchlist" time="1.136"/>
  <testcase classname="com.NeoStox.TestCases.DashboardPageTest" name="watchlist" time="2.329"/>
  <testcase classname="com.NeoStox.TestCases.DashboardPageTest" name="ExpandAndCollapse" time="2.137"/>
</testsuite> <!-- com.NeoStox.TestCases.DashboardPageTest -->
