<?xml version="1.0" encoding="UTF-8"?>
<!-- Generated by org.testng.reporters.JUnitReportReporter -->
<testsuite hostname="DESKTOP-5SVQFKG" failures="0" tests="1" name="com.NeoStox.TestCases.LoginPageTest" time="0.066" errors="0" timestamp="02 Feb 2023 17:34:56 GMT" skipped="0">
  <testcase classname="com.NeoStox.TestCases.LoginPageTest" name="ValiduserLogin" time="0.066"/>
</testsuite> <!-- com.NeoStox.TestCases.LoginPageTest -->
